App/build/app/intermediates/manifest_merge_blame_file/debug/manifest-merger-blame-debug-report.txt
1<?xml version="1.0" encoding="utf-8"?>
2<manifest xmlns:android="http://schemas.android.com/apk/res/android"
3    package="com.example.final_project"
4    android:versionCode="1"
5    android:versionName="0.1.0" >
6
7    <uses-sdk
8        android:minSdkVersion="19"
9        android:targetSdkVersion="33" />
10    <!--
11         The INTERNET permission is required for development. Specifically,
12         the Flutter tool needs it to communicate with the running application
13         to allow setting breakpoints, to provide hot reload, etc.
14    -->
15    <uses-permission android:name="android.permission.INTERNET" />
15-->src\debug\AndroidManifest.xml:6:5-66
15-->src\debug\AndroidManifest.xml:6:22-64
16    <uses-permission android:name="android.permission.READ_EXTERNAL_STORAGE" />
16-->[:file_picker] AndroidManifest.xml:9:5-80
16-->[:file_picker] AndroidManifest.xml:9:22-77
17
18    <queries>
18-->[:file_picker] AndroidManifest.xml:11:5-17:15
19        <intent>
19-->[:file_picker] AndroidManifest.xml:12:9-16:18
20            <action android:name="android.intent.action.GET_CONTENT" />
20-->[:file_picker] AndroidManifest.xml:13:13-72
20-->[:file_picker] AndroidManifest.xml:13:21-69
21
22            <data android:mimeType="*/*" />
22-->[:file_picker] AndroidManifest.xml:15:13-44
22-->[:file_picker] AndroidManifest.xml:15:19-41
23        </intent>
24    </queries>
25
26    <uses-permission android:name="android.permission.REQUEST_INSTALL_PACKAGES" />
26-->[:open_file] AndroidManifest.xml:10:5-83
26-->[:open_file] AndroidManifest.xml:10:22-80
27
28    <permission
28-->[androidx.core:core:1.10.1] AndroidManifest.xml:22:5-24:47
29        android:name="com.example.final_project.DYNAMIC_RECEIVER_NOT_EXPORTED_PERMISSION"
29-->[androidx.core:core:1.10.1] AndroidManifest.xml:23:9-81
30        android:protectionLevel="signature" />
30-->[androidx.core:core:1.10.1] AndroidManifest.xml:24:9-44
31
32    <uses-permission android:name="com.example.final_project.DYNAMIC_RECEIVER_NOT_EXPORTED_PERMISSION" />
32-->[androidx.core:core:1.10.1] AndroidManifest.xml:26:5-97
32-->[androidx.core:core:1.10.1] AndroidManifest.xml:26:22-94
33
34    <application
35        android:name="android.app.Application"
36        android:appComponentFactory="androidx.core.app.CoreComponentFactory"
36-->[androidx.core:core:1.10.1] AndroidManifest.xml:28:18-86
37        android:debuggable="true"
38        android:icon="@mipmap/ic_launcher"
39        android:label="final_project" >
40        <activity
41            android:name="com.example.final_project.MainActivity"
42            android:configChanges="orientation|keyboardHidden|keyboard|screenSize|smallestScreenSize|locale|layoutDirection|fontScale|screenLayout|density|uiMode"
43            android:exported="true"
44            android:hardwareAccelerated="true"
45            android:launchMode="singleTop"
46            android:theme="@style/LaunchTheme"
47            android:windowSoftInputMode="adjustResize" >
48
49            <!--
50                 Specifies an Android theme to apply to this Activity as soon as
51                 the Android process has started. This theme is visible to the user
52                 while the Flutter UI initializes. After that, this theme continues
53                 to determine the Window background behind the Flutter UI.
54            -->
55            <meta-data
56                android:name="io.flutter.embedding.android.NormalTheme"
57                android:resource="@style/NormalTheme" />
58
59            <intent-filter>
60                <action android:name="android.intent.action.MAIN" />
61
62                <category android:name="android.intent.category.LAUNCHER" />
63            </intent-filter>
64        </activity>
65        <!--
66             Don't delete the meta-data below.
67             This is used by the Flutter tool to generate GeneratedPluginRegistrant.java
68        -->
69        <meta-data
70            android:name="flutterEmbedding"
71            android:value="2" />
72
73        <provider
73-->[:image_picker_android] AndroidManifest.xml:10:9-18:20
74            android:name="io.flutter.plugins.imagepicker.ImagePickerFileProvider"
74-->[:image_picker_android] AndroidManifest.xml:11:13-82
75            android:authorities="com.example.final_project.flutter.image_provider"
75-->[:image_picker_android] AndroidManifest.xml:12:13-74
76            android:exported="false"
76-->[:image_picker_android] AndroidManifest.xml:13:13-37
77            android:grantUriPermissions="true" >
77-->[:image_picker_android] AndroidManifest.xml:14:13-47
78            <meta-data
78-->[:image_picker_android] AndroidManifest.xml:15:13-17:75
79                android:name="android.support.FILE_PROVIDER_PATHS"
79-->[:image_picker_android] AndroidManifest.xml:16:17-67
80                android:resource="@xml/flutter_image_picker_file_paths" />
80-->[:image_picker_android] AndroidManifest.xml:17:17-72
81        </provider>
82        <provider
82-->[:open_file] AndroidManifest.xml:14:9-23:20
83            android:name="com.crazecoder.openfile.FileProvider"
83-->[:open_file] AndroidManifest.xml:15:13-64
84            android:authorities="com.example.final_project.fileProvider.com.crazecoder.openfile"
84-->[:open_file] AndroidManifest.xml:16:13-88
85            android:exported="false"
85-->[:open_file] AndroidManifest.xml:17:13-37
86            android:grantUriPermissions="true" >
86-->[:open_file] AndroidManifest.xml:18:13-47
87            <meta-data
87-->[:image_picker_android] AndroidManifest.xml:15:13-17:75
88                android:name="android.support.FILE_PROVIDER_PATHS"
88-->[:image_picker_android] AndroidManifest.xml:16:17-67
89                android:resource="@xml/filepaths" />
89-->[:image_picker_android] AndroidManifest.xml:17:17-72
90        </provider>
91
92        <activity
92-->[:url_launcher_android] AndroidManifest.xml:10:9-13:74
93            android:name="io.flutter.plugins.urllauncher.WebViewActivity"
93-->[:url_launcher_android] AndroidManifest.xml:11:13-74
94            android:exported="false"
94-->[:url_launcher_android] AndroidManifest.xml:12:13-37
95            android:theme="@android:style/Theme.NoTitleBar.Fullscreen" />
95-->[:url_launcher_android] AndroidManifest.xml:13:13-71
96
97        <uses-library
97-->[androidx.window:window:1.0.0-beta04] AndroidManifest.xml:25:9-27:40
98            android:name="androidx.window.extensions"
98-->[androidx.window:window:1.0.0-beta04] AndroidManifest.xml:26:13-54
99            android:required="false" />
99-->[androidx.window:window:1.0.0-beta04] AndroidManifest.xml:27:13-37
100        <uses-library
100-->[androidx.window:window:1.0.0-beta04] AndroidManifest.xml:28:9-30:40
101            android:name="androidx.window.sidecar"
101-->[androidx.window:window:1.0.0-beta04] AndroidManifest.xml:29:13-51
102            android:required="false" />
102-->[androidx.window:window:1.0.0-beta04] AndroidManifest.xml:30:13-37
103
104        <provider
104-->[androidx.profileinstaller:profileinstaller:1.3.0] AndroidManifest.xml:24:9-32:20
105            android:name="androidx.startup.InitializationProvider"
105-->[androidx.profileinstaller:profileinstaller:1.3.0] AndroidManifest.xml:25:13-67
106            android:authorities="com.example.final_project.androidx-startup"
106-->[androidx.profileinstaller:profileinstaller:1.3.0] AndroidManifest.xml:26:13-68
107            android:exported="false" >
107-->[androidx.profileinstaller:profileinstaller:1.3.0] AndroidManifest.xml:27:13-37
108            <meta-data
108-->[androidx.profileinstaller:profileinstaller:1.3.0] AndroidManifest.xml:29:13-31:52
109                android:name="androidx.profileinstaller.ProfileInstallerInitializer"
109-->[androidx.profileinstaller:profileinstaller:1.3.0] AndroidManifest.xml:30:17-85
110                android:value="androidx.startup" />
110-->[androidx.profileinstaller:profileinstaller:1.3.0] AndroidManifest.xml:31:17-49
111        </provider>
112
113        <receiver
113-->[androidx.profileinstaller:profileinstaller:1.3.0] AndroidManifest.xml:34:9-52:20
114            android:name="androidx.profileinstaller.ProfileInstallReceiver"
114-->[androidx.profileinstaller:profileinstaller:1.3.0] AndroidManifest.xml:35:13-76
115            android:directBootAware="false"
115-->[androidx.profileinstaller:profileinstaller:1.3.0] AndroidManifest.xml:36:13-44
116            android:enabled="true"
116-->[androidx.profileinstaller:profileinstaller:1.3.0] AndroidManifest.xml:37:13-35
117            android:exported="true"
117-->[androidx.profileinstaller:profileinstaller:1.3.0] AndroidManifest.xml:38:13-36
118            android:permission="android.permission.DUMP" >
118-->[androidx.profileinstaller:profileinstaller:1.3.0] AndroidManifest.xml:39:13-57
119            <intent-filter>
119-->[androidx.profileinstaller:profileinstaller:1.3.0] AndroidManifest.xml:40:13-42:29
120                <action android:name="androidx.profileinstaller.action.INSTALL_PROFILE" />
120-->[androidx.profileinstaller:profileinstaller:1.3.0] AndroidManifest.xml:41:17-91
120-->[androidx.profileinstaller:profileinstaller:1.3.0] AndroidManifest.xml:41:25-88
121            </intent-filter>
122            <intent-filter>
122-->[androidx.profileinstaller:profileinstaller:1.3.0] AndroidManifest.xml:43:13-45:29
123                <action android:name="androidx.profileinstaller.action.SKIP_FILE" />
123-->[androidx.profileinstaller:profileinstaller:1.3.0] AndroidManifest.xml:44:17-85
123-->[androidx.profileinstaller:profileinstaller:1.3.0] AndroidManifest.xml:44:25-82
124            </intent-filter>
125            <intent-filter>
125-->[androidx.profileinstaller:profileinstaller:1.3.0] AndroidManifest.xml:46:13-48:29
126                <action android:name="androidx.profileinstaller.action.SAVE_PROFILE" />
126-->[androidx.profileinstaller:profileinstaller:1.3.0] AndroidManifest.xml:47:17-88
126-->[androidx.profileinstaller:profileinstaller:1.3.0] AndroidManifest.xml:47:25-85
127            </intent-filter>
128            <intent-filter>
128-->[androidx.profileinstaller:profileinstaller:1.3.0] AndroidManifest.xml:49:13-51:29
129                <action android:name="androidx.profileinstaller.action.BENCHMARK_OPERATION" />
129-->[androidx.profileinstaller:profileinstaller:1.3.0] AndroidManifest.xml:50:17-95
129-->[androidx.profileinstaller:profileinstaller:1.3.0] AndroidManifest.xml:50:25-92
130            </intent-filter>
131        </receiver>
132    </application>
133
134</manifest>